<?xml version="1.0" encoding="UTF-8"?>
<testsuite xmlns:xsi="http://www.w3.org/2001/XMLSchema-instance" xsi:noNamespaceSchemaLocation="https://maven.apache.org/surefire/maven-surefire-plugin/xsd/surefire-test-report-3.0.xsd" version="3.0" name="GameTest" time="0.145" tests="5" errors="0" skipped="0" failures="0">
  <properties>
    <property name="sun.desktop" value="windows"/>
    <property name="awt.toolkit" value="sun.awt.windows.WToolkit"/>
    <property name="java.specification.version" value="12"/>
    <property name="sun.cpu.isalist" value="amd64"/>
    <property name="sun.jnu.encoding" value="Cp1252"/>
    <property name="java.class.path" value="C:\Users\jake\Documents\Java\mazeracer\logic\target\test-classes;C:\Users\jake\.m2\repository\mysql\mysql-connector-java\8.0.18\mysql-connector-java-8.0.18.jar;C:\Users\jake\.m2\repository\com\google\protobuf\protobuf-java\3.6.1\protobuf-java-3.6.1.jar;C:\Users\jake\.m2\repository\org\junit\jupiter\junit-jupiter\5.6.0-M1\junit-jupiter-5.6.0-M1.jar;C:\Users\jake\.m2\repository\org\junit\jupiter\junit-jupiter-api\5.6.0-M1\junit-jupiter-api-5.6.0-M1.jar;C:\Users\jake\.m2\repository\org\apiguardian\apiguardian-api\1.1.0\apiguardian-api-1.1.0.jar;C:\Users\jake\.m2\repository\org\opentest4j\opentest4j\1.2.0\opentest4j-1.2.0.jar;C:\Users\jake\.m2\repository\org\junit\platform\junit-platform-commons\1.6.0-M1\junit-platform-commons-1.6.0-M1.jar;C:\Users\jake\.m2\repository\org\junit\jupiter\junit-jupiter-params\5.6.0-M1\junit-jupiter-params-5.6.0-M1.jar;C:\Users\jake\.m2\repository\org\junit\jupiter\junit-jupiter-engine\5.6.0-M1\junit-jupiter-engine-5.6.0-M1.jar;C:\Users\jake\.m2\repository\org\junit\platform\junit-platform-engine\1.6.0-M1\junit-platform-engine-1.6.0-M1.jar;"/>
    <property name="java.vm.vendor" value="Oracle Corporation"/>
    <property name="sun.arch.data.model" value="64"/>
    <property name="user.variant" value=""/>
    <property name="java.vendor.url" value="https://java.oracle.com/"/>
    <property name="user.timezone" value="Europe/Amsterdam"/>
    <property name="os.name" value="Windows 10"/>
    <property name="java.vm.specification.version" value="12"/>
    <property name="sun.java.launcher" value="SUN_STANDARD"/>
    <property name="user.country" value="NL"/>
    <property name="sun.boot.library.path" value="C:\Program Files\jdk-12.0.2\bin"/>
    <property name="sun.java.command" value="org.apache.maven.surefire.booter.ForkedBooter C:\Users\jake\AppData\Local\Temp\surefire389187957494944190 2020-01-07T13-27-46_890-jvmRun1 surefire3966431575964996919tmp surefire_09597906157016089134tmp"/>
    <property name="jdk.debug" value="release"/>
    <property name="surefire.test.class.path" value="C:\Users\jake\Documents\Java\mazeracer\logic\target\test-classes;C:\Users\jake\.m2\repository\mysql\mysql-connector-java\8.0.18\mysql-connector-java-8.0.18.jar;C:\Users\jake\.m2\repository\com\google\protobuf\protobuf-java\3.6.1\protobuf-java-3.6.1.jar;C:\Users\jake\.m2\repository\org\junit\jupiter\junit-jupiter\5.6.0-M1\junit-jupiter-5.6.0-M1.jar;C:\Users\jake\.m2\repository\org\junit\jupiter\junit-jupiter-api\5.6.0-M1\junit-jupiter-api-5.6.0-M1.jar;C:\Users\jake\.m2\repository\org\apiguardian\apiguardian-api\1.1.0\apiguardian-api-1.1.0.jar;C:\Users\jake\.m2\repository\org\opentest4j\opentest4j\1.2.0\opentest4j-1.2.0.jar;C:\Users\jake\.m2\repository\org\junit\platform\junit-platform-commons\1.6.0-M1\junit-platform-commons-1.6.0-M1.jar;C:\Users\jake\.m2\repository\org\junit\jupiter\junit-jupiter-params\5.6.0-M1\junit-jupiter-params-5.6.0-M1.jar;C:\Users\jake\.m2\repository\org\junit\jupiter\junit-jupiter-engine\5.6.0-M1\junit-jupiter-engine-5.6.0-M1.jar;C:\Users\jake\.m2\repository\org\junit\platform\junit-platform-engine\1.6.0-M1\junit-platform-engine-1.6.0-M1.jar;"/>
    <property name="sun.cpu.endian" value="little"/>
    <property name="user.home" value="C:\Users\jake"/>
    <property name="user.language" value="nl"/>
    <property name="java.specification.vendor" value="Oracle Corporation"/>
    <property name="jdk.module.path" value="C:\Users\jake\Documents\Java\mazeracer\logic\target\classes;C:\Users\jake\Documents\Java\mazeracer\data\target\classes"/>
    <property name="java.version.date" value="2019-07-16"/>
    <property name="java.home" value="C:\Program Files\jdk-12.0.2"/>
    <property name="file.separator" value="\"/>
    <property name="basedir" value="C:\Users\jake\Documents\Java\mazeracer\logic"/>
    <property name="java.vm.compressedOopsMode" value="32-bit"/>
    <property name="line.separator" value="&#10;"/>
    <property name="java.vm.specification.vendor" value="Oracle Corporation"/>
    <property name="java.specification.name" value="Java Platform API Specification"/>
    <property name="java.awt.graphicsenv" value="sun.awt.Win32GraphicsEnvironment"/>
    <property name="surefire.real.class.path" value="C:\Users\jake\.m2\repository\org\apache\maven\surefire\surefire-booter\3.0.0-M3\surefire-booter-3.0.0-M3.jar;C:\Users\jake\.m2\repository\org\apache\maven\surefire\surefire-api\3.0.0-M3\surefire-api-3.0.0-M3.jar;C:\Users\jake\.m2\repository\org\apache\maven\surefire\surefire-logger-api\3.0.0-M3\surefire-logger-api-3.0.0-M3.jar;C:\Users\jake\Documents\Java\mazeracer\logic\target\test-classes;C:\Users\jake\.m2\repository\mysql\mysql-connector-java\8.0.18\mysql-connector-java-8.0.18.jar;C:\Users\jake\.m2\repository\com\google\protobuf\protobuf-java\3.6.1\protobuf-java-3.6.1.jar;C:\Users\jake\.m2\repository\org\junit\jupiter\junit-jupiter\5.6.0-M1\junit-jupiter-5.6.0-M1.jar;C:\Users\jake\.m2\repository\org\junit\jupiter\junit-jupiter-api\5.6.0-M1\junit-jupiter-api-5.6.0-M1.jar;C:\Users\jake\.m2\repository\org\apiguardian\apiguardian-api\1.1.0\apiguardian-api-1.1.0.jar;C:\Users\jake\.m2\repository\org\opentest4j\opentest4j\1.2.0\opentest4j-1.2.0.jar;C:\Users\jake\.m2\repository\org\junit\platform\junit-platform-commons\1.6.0-M1\junit-platform-commons-1.6.0-M1.jar;C:\Users\jake\.m2\repository\org\junit\jupiter\junit-jupiter-params\5.6.0-M1\junit-jupiter-params-5.6.0-M1.jar;C:\Users\jake\.m2\repository\org\junit\jupiter\junit-jupiter-engine\5.6.0-M1\junit-jupiter-engine-5.6.0-M1.jar;C:\Users\jake\.m2\repository\org\junit\platform\junit-platform-engine\1.6.0-M1\junit-platform-engine-1.6.0-M1.jar;C:\Users\jake\.m2\repository\org\apache\maven\surefire\surefire-junit-platform\3.0.0-M3\surefire-junit-platform-3.0.0-M3.jar;C:\Users\jake\.m2\repository\org\apache\maven\surefire\common-java5\3.0.0-M3\common-java5-3.0.0-M3.jar;C:\Users\jake\.m2\repository\org\junit\platform\junit-platform-launcher\1.3.1\junit-platform-launcher-1.3.1.jar"/>
    <property name="user.script" value=""/>
    <property name="sun.management.compiler" value="HotSpot 64-Bit Tiered Compilers"/>
    <property name="java.runtime.version" value="12.0.2+10"/>
    <property name="user.name" value="jake"/>
    <property name="path.separator" value=";"/>
    <property name="os.version" value="10.0"/>
    <property name="java.runtime.name" value="OpenJDK Runtime Environment"/>
    <property name="file.encoding" value="Cp1252"/>
    <property name="java.vm.name" value="OpenJDK 64-Bit Server VM"/>
    <property name="localRepository" value="C:\Users\jake\.m2\repository"/>
    <property name="java.vendor.url.bug" value="https://bugreport.java.com/bugreport/"/>
    <property name="java.io.tmpdir" value="C:\Users\jake\AppData\Local\Temp\"/>
    <property name="java.version" value="12.0.2"/>
    <property name="user.dir" value="C:\Users\jake\Documents\Java\mazeracer\logic"/>
    <property name="os.arch" value="amd64"/>
    <property name="java.vm.specification.name" value="Java Virtual Machine Specification"/>
    <property name="sun.os.patch.level" value=""/>
    <property name="java.library.path" value="C:\Program Files\jdk-12.0.2\bin;C:\WINDOWS\Sun\Java\bin;C:\WINDOWS\system32;C:\WINDOWS;C:\cmder\bin;C:\cmder\vendor\bin;C:\cmder\vendor\conemu-maximus5\ConEmu\Scripts;C:\cmder\vendor\conemu-maximus5;C:\cmder\vendor\conemu-maximus5\ConEmu;C:\Program Files\Common Files\Siemens\Automation\Simatic OAM\bin;C:\ProgramData\Oracle\Java\javapath;C:\Python27\;C:\Python27\Scripts;C:\Python 3.5\Scripts\;C:\Python 3.5\;C:\Program Files (x86)\Intel\iCLS Client\;C:\Program Files\Intel\iCLS Client\;C:\WINDOWS\system32;C:\WINDOWS;C:\WINDOWS\System32\Wbem;C:\WINDOWS\System32\WindowsPowerShell\v1.0\;C:\Program Files\Intel\Intel(R) Management Engine Components\DAL;C:\Program Files\Intel\Intel(R) Management Engine Components\IPT;C:\Program Files (x86)\Intel\Intel(R) Management Engine Components\DAL;C:\Program Files (x86)\Intel\Intel(R) Management Engine Components\IPT;C:\Program Files (x86)\NVIDIA Corporation\PhysX\Common;C:\Program Files (x86)\Microsoft ASP.NET\ASP.NET Web Pages\v1.0\;C:\Program Files\Microsoft SQL Server\110\Tools\Binn\;C:\Program Files (x86)\Common Files\Adobe\AGL;C:\Program Files (x86)\MySQL\MySQL Fabric 1.5.4 &amp; MySQL Utilities 1.5.4 1.5\;C:\Program Files (x86)\MySQL\MySQL Fabric 1.5.4 &amp; MySQL Utilities 1.5.4 1.5\Doctrine extensions for PHP\;C:\Program Files\Microsoft\Web Platform Installer\;C:\Program Files (x86)\nano;C:\xampp\php;C:\Program Files\Microsoft SQL Server\120\Tools\Binn\;C:\Program Files\Microsoft SQL Server\130\Tools\Binn\;C:\ffmpeg\bin;C:\Anaconda3;C:\Anaconda3\Scripts;C:\Program Files\nodejs;C:\Program Files\dotnet\;C:\nim\bin;C:\Program Files (x86)\Microsoft Visual Studio 14.0\VC\ClangC2\bin\amd64;C:\Go\bin;C:\Neovim\bin;c:\emacs\bin;C:\ProgramData\chocolatey\bin;C:\WINDOWS\System32\OpenSSH\;C:\Program Files\PuTTY\;C:\Program Files\Microsoft VS Code\bin;C:\Program Files\Git\cmd;C:\Program Files (x86)\IVI Foundation\VISA\WinNT\Bin;C:\Program Files\NVIDIA Corporation\NVIDIA NvDLISR;C:\Program Files\JetBrains\IntelliJ IDEA Community Edition 2019.2.1\plugins\maven\lib\maven3\bin;C:\Program Files\jdk-12.0.2\bin;C:\WINDOWS\system32;C:\WINDOWS;C:\WINDOWS\System32\Wbem;C:\WINDOWS\System32\WindowsPowerShell\v1.0\;C:\WINDOWS\System32\OpenSSH\;C:\Users\jake\.cargo\bin;C:\Users\jake\.dnx\bin;C:\ProgramData\jake\atom\bin;C:\Users\jake\AppData\Local\Microsoft\WindowsApps;C:\Users\jake\AppData\Local\rodeo\app-2.4.3\bin;C:\Program Files\Microsoft VS Code\bin;C:\Users\jake\AppData\Local\hyper\app-2.0.0\resources\bin;C:\Users\jake\AppData\Local\Programs\Microsoft VS Code\bin;C:\MinGW\bin;C:\Users\jake\.dotnet\tools;C:\Users\jake\AppData\Local\Microsoft\WindowsApps;C:\Program Files\Git\cmd;C:\Program Files\Git\mingw64\bin;C:\Program Files\Git\usr\bin;C:\cmder;."/>
    <property name="java.vm.info" value="mixed mode"/>
    <property name="java.vendor" value="Oracle Corporation"/>
    <property name="java.vm.version" value="12.0.2+10"/>
    <property name="sun.io.unicode.encoding" value="UnicodeLittle"/>
    <property name="java.class.version" value="56.0"/>
  </properties>
  <testcase name="testFindRoomNoRooms" classname="GameTest" time="0.073"/>
  <testcase name="testFindRoomMultipleRooms" classname="GameTest" time="0.059"/>
  <testcase name="testFindRoomOneRoom" classname="GameTest" time="0.001"/>
  <testcase name="testCreateRoom" classname="GameTest" time="0.003"/>
  <testcase name="removeRoom" classname="GameTest" time="0.001"/>
</testsuite>